[main] Applied best params from workflow/models/stgat/sea_baseline/best_params.json: {'learning_rate': 0.008959335196545256, 'gat_hidden_dim': 64, 'gat_heads_first_layer': 4, 'gru_hidden_dim': 32, 'dropout': 0.1, 'weight_decay': 1.4715698445601052e-05}
[main] Device: cuda
[main] Loading real data from /home/patwuch/Documents/projects/Chuang-Lab-TMU/machine-learning-module/workflow/data/processed/stgat/sea_baseline_train.pt ...
[main] Windows — train: 59  val: 10
[main] Nodes: 165  Features: 78  Lookback: 12 steps
[main] Model parameters: 84,161
[epoch 0001]  train_loss=4.0814  val_loss=2.2533  lr=0.0090  train_mae=1.6923  train_rmse=2.0220  val_mae=1.2005  val_rmse=1.5000
[epoch 0010]  train_loss=1.0838  val_loss=0.7430  lr=0.0090  train_mae=0.8420  train_rmse=1.0418  val_mae=0.6815  val_rmse=0.8616
[epoch 0020]  train_loss=0.9033  val_loss=0.7312  lr=0.0090  train_mae=0.7314  train_rmse=0.9518  val_mae=0.6859  val_rmse=0.8549
[epoch 0030]  train_loss=0.7719  val_loss=0.6195  lr=0.0090  train_mae=0.6899  train_rmse=0.8794  val_mae=0.6211  val_rmse=0.7870
[epoch 0040]  train_loss=0.6818  val_loss=0.5454  lr=0.0090  train_mae=0.6286  train_rmse=0.8268  val_mae=0.5590  val_rmse=0.7381
[epoch 0050]  train_loss=0.6276  val_loss=0.5297  lr=0.0090  train_mae=0.6114  train_rmse=0.7931  val_mae=0.5470  val_rmse=0.7274
[epoch 0060]  train_loss=0.5704  val_loss=0.5207  lr=0.0090  train_mae=0.5763  train_rmse=0.7562  val_mae=0.5617  val_rmse=0.7213
[epoch 0070]  train_loss=0.5201  val_loss=0.4660  lr=0.0090  train_mae=0.5495  train_rmse=0.7220  val_mae=0.5193  val_rmse=0.6821
[epoch 0080]  train_loss=0.4586  val_loss=0.4832  lr=0.0090  train_mae=0.5144  train_rmse=0.6780  val_mae=0.5268  val_rmse=0.6945
Traceback (most recent call last):
  File "/home/patwuch/Documents/projects/Chuang-Lab-TMU/machine-learning-module/workflow/scripts/train_stgat.py", line 785, in <module>
    cfg=cfg,
^^^^^^
  File "/home/patwuch/Documents/projects/Chuang-Lab-TMU/machine-learning-module/workflow/scripts/train_stgat.py", line 774, in main
    
    
  File "/home/patwuch/Documents/projects/Chuang-Lab-TMU/machine-learning-module/workflow/scripts/train_stgat.py", line 566, in fit
    )
     
  File "/home/patwuch/Documents/projects/Chuang-Lab-TMU/machine-learning-module/workflow/scripts/train_stgat.py", line 472, in train_epoch
    (loss / len(order)).backward()
  File "/home/patwuch/miniforge3/envs/gee_dengue_ml_312/lib/python3.12/site-packages/torch/_tensor.py", line 581, in backward
    torch.autograd.backward(
  File "/home/patwuch/miniforge3/envs/gee_dengue_ml_312/lib/python3.12/site-packages/torch/autograd/__init__.py", line 347, in backward
    _engine_run_backward(
  File "/home/patwuch/miniforge3/envs/gee_dengue_ml_312/lib/python3.12/site-packages/torch/autograd/graph.py", line 825, in _engine_run_backward
    return Variable._execution_engine.run_backward(  # Calls into the C++ engine to run the backward pass
           ^^^^^^^^^^^^^^^^^^^^^^^^^^^^^^^^^^^^^^^^^^^^^^^^^^^^^^^^^^^^^^^^^^^^^^^^^^^^^^^^^^^^^^^^^^^^^^
KeyboardInterrupt
